<?xml version="1.0" encoding="UTF-8"?>
<!-- Generated by org.testng.reporters.JUnitReportReporter -->
<testsuite hostname="DESKTOP-KSOQJB2" failures="0" tests="1" name="Resume_Update.Naukari_ResumeUpdate" time="8.496" errors="0" timestamp="2025-01-29T00:08:37 IST" skipped="0">
  <testcase classname="Resume_Update.Naukari_ResumeUpdate" name="testNaukriProfileUpdate" time="8.496"/>
</testsuite> <!-- Resume_Update.Naukari_ResumeUpdate -->
