<?xml version="1.0" encoding="UTF-8"?>
<!-- Generated by org.testng.reporters.JUnitReportReporter -->
<testsuite hostname="DESKTOP-KSOQJB2" failures="0" tests="4" name="Google_Page.Google_page" time="17.630" errors="0" timestamp="2025-01-11T21:29:59 IST" skipped="0">
  <testcase classname="Google_Page.Google_page" name="googleTitle" time="7.302"/>
  <testcase classname="Google_Page.Google_page" name="Gmail" time="5.200"/>
  <testcase classname="Google_Page.Google_page" name="sendkey_check" time="3.065"/>
  <testcase classname="Google_Page.Google_page" name="Google_logo" time="2.063"/>
</testsuite> <!-- Google_Page.Google_page -->
